{"/home/ubuntu/ca1/backend/core/data-access/ParkingLotMock.ts": {"path":"/home/ubuntu/ca1/backend/core/data-access/ParkingLotMock.ts","all":false,"statementMap":{"0":{"start":{"line":1,"column":0},"end":{"line":1,"column":46}},"1":{"start":{"line":2,"column":0},"end":{"line":2,"column":70}},"2":{"start":{"line":3,"column":0},"end":{"line":3,"column":0}},"3":{"start":{"line":4,"column":0},"end":{"line":4,"column":61}},"4":{"start":{"line":5,"column":0},"end":{"line":5,"column":0}},"5":{"start":{"line":6,"column":0},"end":{"line":6,"column":33}},"6":{"start":{"line":7,"column":0},"end":{"line":7,"column":36}},"7":{"start":{"line":8,"column":0},"end":{"line":8,"column":44}},"8":{"start":{"line":9,"column":0},"end":{"line":9,"column":43}},"9":{"start":{"line":10,"column":0},"end":{"line":10,"column":45}},"10":{"start":{"line":11,"column":0},"end":{"line":11,"column":43}},"11":{"start":{"line":12,"column":0},"end":{"line":12,"column":42}},"12":{"start":{"line":13,"column":0},"end":{"line":13,"column":6}},"13":{"start":{"line":14,"column":0},"end":{"line":14,"column":0}},"14":{"start":{"line":15,"column":0},"end":{"line":15,"column":41}},"15":{"start":{"line":16,"column":0},"end":{"line":16,"column":73}},"16":{"start":{"line":17,"column":0},"end":{"line":17,"column":41}},"17":{"start":{"line":18,"column":0},"end":{"line":18,"column":20}},"18":{"start":{"line":19,"column":0},"end":{"line":19,"column":5}},"19":{"start":{"line":20,"column":0},"end":{"line":20,"column":0}},"20":{"start":{"line":21,"column":0},"end":{"line":21,"column":1}}},"s":{"0":1,"1":1,"2":1,"3":1,"4":1,"5":1,"6":1,"7":1,"8":1,"9":1,"10":1,"11":1,"12":1,"13":1,"14":1,"15":1,"16":1,"17":0,"18":0,"19":1,"20":1},"branchMap":{"0":{"type":"branch","line":6,"loc":{"start":{"line":6,"column":4},"end":{"line":6,"column":33}},"locations":[{"start":{"line":6,"column":4},"end":{"line":6,"column":33}}]},"1":{"type":"branch","line":15,"loc":{"start":{"line":15,"column":4},"end":{"line":19,"column":5}},"locations":[{"start":{"line":15,"column":4},"end":{"line":19,"column":5}}]},"2":{"type":"branch","line":17,"loc":{"start":{"line":17,"column":23},"end":{"line":19,"column":5}},"locations":[{"start":{"line":17,"column":23},"end":{"line":19,"column":5}}]},"3":{"type":"branch","line":16,"loc":{"start":{"line":16,"column":49},"end":{"line":16,"column":73}},"locations":[{"start":{"line":16,"column":49},"end":{"line":16,"column":73}}]}},"b":{"0":[1],"1":[1],"2":[0],"3":[2]},"fnMap":{"0":{"name":"<instance_members_initializer>","decl":{"start":{"line":6,"column":4},"end":{"line":6,"column":33}},"loc":{"start":{"line":6,"column":4},"end":{"line":6,"column":33}},"line":6},"1":{"name":"getByCode","decl":{"start":{"line":15,"column":4},"end":{"line":19,"column":5}},"loc":{"start":{"line":15,"column":4},"end":{"line":19,"column":5}},"line":15}},"f":{"0":1,"1":1}}
,"/home/ubuntu/ca1/backend/core/entity/ParkingLot.ts": {"path":"/home/ubuntu/ca1/backend/core/entity/ParkingLot.ts","all":false,"statementMap":{"0":{"start":{"line":1,"column":0},"end":{"line":1,"column":32}},"1":{"start":{"line":2,"column":0},"end":{"line":2,"column":0}},"2":{"start":{"line":3,"column":0},"end":{"line":3,"column":61}},"3":{"start":{"line":4,"column":0},"end":{"line":4,"column":53}},"4":{"start":{"line":5,"column":0},"end":{"line":5,"column":47}},"5":{"start":{"line":6,"column":0},"end":{"line":6,"column":49}},"6":{"start":{"line":7,"column":0},"end":{"line":7,"column":45}},"7":{"start":{"line":8,"column":0},"end":{"line":8,"column":4}},"8":{"start":{"line":9,"column":0},"end":{"line":9,"column":16}},"9":{"start":{"line":10,"column":0},"end":{"line":10,"column":21}},"10":{"start":{"line":11,"column":0},"end":{"line":11,"column":25}},"11":{"start":{"line":12,"column":0},"end":{"line":12,"column":25}},"12":{"start":{"line":13,"column":0},"end":{"line":13,"column":26}},"13":{"start":{"line":14,"column":0},"end":{"line":14,"column":28}},"14":{"start":{"line":15,"column":0},"end":{"line":15,"column":6}},"15":{"start":{"line":16,"column":0},"end":{"line":16,"column":25}},"16":{"start":{"line":17,"column":0},"end":{"line":17,"column":33}},"17":{"start":{"line":18,"column":0},"end":{"line":18,"column":33}},"18":{"start":{"line":19,"column":0},"end":{"line":19,"column":35}},"19":{"start":{"line":20,"column":0},"end":{"line":20,"column":41}},"20":{"start":{"line":21,"column":0},"end":{"line":21,"column":5}},"21":{"start":{"line":22,"column":0},"end":{"line":22,"column":0}},"22":{"start":{"line":23,"column":0},"end":{"line":23,"column":22}},"23":{"start":{"line":24,"column":0},"end":{"line":24,"column":56}},"24":{"start":{"line":25,"column":0},"end":{"line":25,"column":71}},"25":{"start":{"line":26,"column":0},"end":{"line":26,"column":5}},"26":{"start":{"line":27,"column":0},"end":{"line":27,"column":1}}},"s":{"0":1,"1":1,"2":1,"3":1,"4":1,"5":1,"6":1,"7":1,"8":1,"9":6,"10":6,"11":6,"12":6,"13":6,"14":6,"15":6,"16":6,"17":6,"18":6,"19":6,"20":6,"21":1,"22":1,"23":0,"24":0,"25":0,"26":1},"branchMap":{"0":{"type":"branch","line":9,"loc":{"start":{"line":9,"column":4},"end":{"line":21,"column":5}},"locations":[{"start":{"line":9,"column":4},"end":{"line":21,"column":5}}]}},"b":{"0":[6]},"fnMap":{"0":{"name":"ParkingLot","decl":{"start":{"line":9,"column":4},"end":{"line":21,"column":5}},"loc":{"start":{"line":9,"column":4},"end":{"line":21,"column":5}},"line":9},"1":{"name":"isOpen","decl":{"start":{"line":23,"column":4},"end":{"line":26,"column":5}},"loc":{"start":{"line":23,"column":4},"end":{"line":26,"column":5}},"line":23}},"f":{"0":6,"1":0}}
}
