TN:
SF:backend/core/data-access/ParkingLotMock.ts
FN:6,<instance_members_initializer>
FN:15,getByCode
FNF:2
FNH:2
FNDA:1,<instance_members_initializer>
FNDA:1,getByCode
DA:1,1
DA:2,1
DA:3,1
DA:4,1
DA:5,1
DA:6,1
DA:7,1
DA:8,1
DA:9,1
DA:10,1
DA:11,1
DA:12,1
DA:13,1
DA:14,1
DA:15,1
DA:16,1
DA:17,1
DA:18,0
DA:19,0
DA:20,1
DA:21,1
LF:21
LH:19
BRDA:6,0,0,1
BRDA:15,1,0,1
BRDA:17,2,0,0
BRDA:16,3,0,2
BRF:4
BRH:3
end_of_record
TN:
SF:backend/core/entity/ParkingLot.ts
FN:9,ParkingLot
FN:23,isOpen
FNF:2
FNH:1
FNDA:6,ParkingLot
FNDA:0,isOpen
DA:1,1
DA:2,1
DA:3,1
DA:4,1
DA:5,1
DA:6,1
DA:7,1
DA:8,1
DA:9,1
DA:10,6
DA:11,6
DA:12,6
DA:13,6
DA:14,6
DA:15,6
DA:16,6
DA:17,6
DA:18,6
DA:19,6
DA:20,6
DA:21,6
DA:22,1
DA:23,1
DA:24,0
DA:25,0
DA:26,0
DA:27,1
LF:27
LH:24
BRDA:9,0,0,6
BRF:1
BRH:1
end_of_record
